[35m[1mScanning dependencies of target _gazebo_ipbot_generate_messages_check_deps_pid[0m
[35m[1mScanning dependencies of target cmd_vel_lib[0m
[35m[1mScanning dependencies of target std_msgs_generate_messages_cpp[0m
[35m[1mScanning dependencies of target _gazebo_ipbot_generate_messages_check_deps_tuning[0m
[  0%] Built target std_msgs_generate_messages_cpp
[35m[1mScanning dependencies of target img_cap_ard_lib[0m
[  0%] Built target _gazebo_ipbot_generate_messages_check_deps_pid
[  0%] Built target _gazebo_ipbot_generate_messages_check_deps_tuning
[35m[1mScanning dependencies of target std_msgs_generate_messages_nodejs[0m
[35m[1mScanning dependencies of target std_msgs_generate_messages_py[0m
[  0%] Built target std_msgs_generate_messages_nodejs
[  0%] Built target std_msgs_generate_messages_py
[35m[1mScanning dependencies of target std_msgs_generate_messages_lisp[0m
[35m[1mScanning dependencies of target std_msgs_generate_messages_eus[0m
[  0%] Built target std_msgs_generate_messages_lisp
[  0%] Built target std_msgs_generate_messages_eus
[35m[1mScanning dependencies of target img_cap_lib[0m
[35m[1mScanning dependencies of target gazebo_ipbot_generate_messages_cpp[0m
[  4%] [32mBuilding CXX object CMakeFiles/img_cap_ard_lib.dir/src/img_cap_ard.cpp.o[0m
[  8%] [32mBuilding CXX object CMakeFiles/cmd_vel_lib.dir/src/cmd_vel.cpp.o[0m
[ 12%] [34m[1mGenerating C++ code from gazebo_ipbot/tuning.msg[0m
[ 16%] [32mBuilding CXX object CMakeFiles/img_cap_lib.dir/src/img_cap.cpp.o[0m
[ 20%] [34m[1mGenerating C++ code from gazebo_ipbot/pid.msg[0m
[ 20%] Built target gazebo_ipbot_generate_messages_cpp
[35m[1mScanning dependencies of target gazebo_ipbot_generate_messages_nodejs[0m
[ 25%] [34m[1mGenerating Javascript code from gazebo_ipbot/tuning.msg[0m
[ 29%] [34m[1mGenerating Javascript code from gazebo_ipbot/pid.msg[0m
[ 29%] Built target gazebo_ipbot_generate_messages_nodejs
[35m[1mScanning dependencies of target gazebo_ipbot_generate_messages_py[0m
[ 33%] [34m[1mGenerating Python from MSG gazebo_ipbot/tuning[0m
[ 37%] [34m[1mGenerating Python from MSG gazebo_ipbot/pid[0m
[ 41%] [34m[1mGenerating Python msg __init__.py for gazebo_ipbot[0m
[ 41%] Built target gazebo_ipbot_generate_messages_py
[35m[1mScanning dependencies of target gazebo_ipbot_generate_messages_lisp[0m
[ 45%] [34m[1mGenerating Lisp code from gazebo_ipbot/tuning.msg[0m
[ 50%] [34m[1mGenerating Lisp code from gazebo_ipbot/pid.msg[0m
[ 50%] Built target gazebo_ipbot_generate_messages_lisp
[35m[1mScanning dependencies of target gazebo_ipbot_generate_messages_eus[0m
[ 54%] [34m[1mGenerating EusLisp code from gazebo_ipbot/tuning.msg[0m
[ 58%] [34m[1mGenerating EusLisp code from gazebo_ipbot/pid.msg[0m
[ 62%] [34m[1mGenerating EusLisp manifest code for gazebo_ipbot[0m
In file included from [01m[K/home/iarc/pi_ws/src/gazebo_ipbot/src/img_cap.cpp:1:0[m[K:
[01m[K/home/iarc/pi_ws/src/gazebo_ipbot/include/img_cap.h:5:45:[m[K [01;31m[Kfatal error: [m[Kimage_transport/image_transport.h: No such file or directory
compilation terminated.
In file included from [01m[K/home/iarc/pi_ws/src/gazebo_ipbot/src/img_cap_ard.cpp:1:0[m[K:
[01m[K/home/iarc/pi_ws/src/gazebo_ipbot/include/img_cap.h:5:45:[m[K [01;31m[Kfatal error: [m[Kimage_transport/image_transport.h: No such file or directory
compilation terminated.
CMakeFiles/img_cap_ard_lib.dir/build.make:62: recipe for target 'CMakeFiles/img_cap_ard_lib.dir/src/img_cap_ard.cpp.o' failed
CMakeFiles/Makefile2:947: recipe for target 'CMakeFiles/img_cap_ard_lib.dir/all' failed
CMakeFiles/img_cap_lib.dir/build.make:62: recipe for target 'CMakeFiles/img_cap_lib.dir/src/img_cap.cpp.o' failed
make[2]: *** [CMakeFiles/img_cap_ard_lib.dir/src/img_cap_ard.cpp.o] Error 1
make[1]: *** [CMakeFiles/img_cap_ard_lib.dir/all] Error 2
make[1]: *** Waiting for unfinished jobs....
make[2]: *** [CMakeFiles/img_cap_lib.dir/src/img_cap.cpp.o] Error 1
make[1]: *** [CMakeFiles/img_cap_lib.dir/all] Error 2
CMakeFiles/Makefile2:1579: recipe for target 'CMakeFiles/img_cap_lib.dir/all' failed
[ 62%] Built target gazebo_ipbot_generate_messages_eus
[ 66%] [32m[1mLinking CXX shared library /home/iarc/pi_ws/devel/.private/gazebo_ipbot/lib/libcmd_vel_lib.so[0m
[ 66%] Built target cmd_vel_lib
Makefile:138: recipe for target 'all' failed
make: *** [all] Error 2
