[33m[1mCMake Warning[0m at /opt/ros/kinetic/share/catkin/cmake/catkinConfig.cmake:76 (find_package):
  Could not find a package configuration file provided by "wiringPi" with any
  of the following names:

    wiringPiConfig.cmake
    wiringpi-config.cmake

  Add the installation prefix of "wiringPi" to CMAKE_PREFIX_PATH or set
  "wiringPi_DIR" to a directory containing one of the above files.  If
  "wiringPi" provides a separate development package or SDK, be sure it has
  been installed.
[36mCall Stack (most recent call first):[0m
  CMakeLists.txt:6 (find_package)


[31m[1mCMake Error[0m at /opt/ros/kinetic/share/catkin/cmake/catkinConfig.cmake:83 (find_package):
  Could not find a package configuration file provided by "wiringPi" with any
  of the following names:

    wiringPiConfig.cmake
    wiringpi-config.cmake

  Add the installation prefix of "wiringPi" to CMAKE_PREFIX_PATH or set
  "wiringPi_DIR" to a directory containing one of the above files.  If
  "wiringPi" provides a separate development package or SDK, be sure it has
  been installed.
[36mCall Stack (most recent call first):[0m
  CMakeLists.txt:6 (find_package)


