Determining if the pthread_create exist failed with the following output:
Change Dir: /home/iarc/pi_ws/build/cam/CMakeFiles/CMakeTmp

Run Build Command:"/usr/bin/make" "cmTC_b42ca/fast"
/usr/bin/make -f CMakeFiles/cmTC_b42ca.dir/build.make CMakeFiles/cmTC_b42ca.dir/build
make[1]: Entering directory '/home/iarc/pi_ws/build/cam/CMakeFiles/CMakeTmp'
Building C object CMakeFiles/cmTC_b42ca.dir/CheckSymbolExists.c.o
/usr/bin/cc     -o CMakeFiles/cmTC_b42ca.dir/CheckSymbolExists.c.o   -c /home/iarc/pi_ws/build/cam/CMakeFiles/CMakeTmp/CheckSymbolExists.c
Linking C executable cmTC_b42ca
/usr/bin/cmake -E cmake_link_script CMakeFiles/cmTC_b42ca.dir/link.txt --verbose=1
/usr/bin/cc       CMakeFiles/cmTC_b42ca.dir/CheckSymbolExists.c.o  -o cmTC_b42ca -rdynamic 
CMakeFiles/cmTC_b42ca.dir/CheckSymbolExists.c.o: In function `main':
CheckSymbolExists.c:(.text+0xe): undefined reference to `pthread_create'
CheckSymbolExists.c:(.text+0x12): undefined reference to `pthread_create'
collect2: error: ld returned 1 exit status
CMakeFiles/cmTC_b42ca.dir/build.make:97: recipe for target 'cmTC_b42ca' failed
make[1]: *** [cmTC_b42ca] Error 1
make[1]: Leaving directory '/home/iarc/pi_ws/build/cam/CMakeFiles/CMakeTmp'
Makefile:126: recipe for target 'cmTC_b42ca/fast' failed
make: *** [cmTC_b42ca/fast] Error 2

File /home/iarc/pi_ws/build/cam/CMakeFiles/CMakeTmp/CheckSymbolExists.c:
/* */
#include <pthread.h>

int main(int argc, char** argv)
{
  (void)argv;
#ifndef pthread_create
  return ((int*)(&pthread_create))[argc];
#else
  (void)argc;
  return 0;
#endif
}

Determining if the function pthread_create exists in the pthreads failed with the following output:
Change Dir: /home/iarc/pi_ws/build/cam/CMakeFiles/CMakeTmp

Run Build Command:"/usr/bin/make" "cmTC_45522/fast"
/usr/bin/make -f CMakeFiles/cmTC_45522.dir/build.make CMakeFiles/cmTC_45522.dir/build
make[1]: Entering directory '/home/iarc/pi_ws/build/cam/CMakeFiles/CMakeTmp'
Building C object CMakeFiles/cmTC_45522.dir/CheckFunctionExists.c.o
/usr/bin/cc    -DCHECK_FUNCTION_EXISTS=pthread_create   -o CMakeFiles/cmTC_45522.dir/CheckFunctionExists.c.o   -c /usr/share/cmake-3.5/Modules/CheckFunctionExists.c
Linking C executable cmTC_45522
/usr/bin/cmake -E cmake_link_script CMakeFiles/cmTC_45522.dir/link.txt --verbose=1
/usr/bin/cc   -DCHECK_FUNCTION_EXISTS=pthread_create    CMakeFiles/cmTC_45522.dir/CheckFunctionExists.c.o  -o cmTC_45522 -rdynamic -lpthreads 
/usr/bin/ld: cannot find -lpthreads
collect2: error: ld returned 1 exit status
CMakeFiles/cmTC_45522.dir/build.make:97: recipe for target 'cmTC_45522' failed
make[1]: *** [cmTC_45522] Error 1
make[1]: Leaving directory '/home/iarc/pi_ws/build/cam/CMakeFiles/CMakeTmp'
Makefile:126: recipe for target 'cmTC_45522/fast' failed
make: *** [cmTC_45522/fast] Error 2


