[01m[K/home/lucifer/pi_ws/src/cam/src/cam.cpp:[m[K In constructor ‘[01m[Kcam::cam(int, char**, ros::NodeHandle)[m[K’:
[01m[K/home/lucifer/pi_ws/src/cam/src/cam.cpp:8:14:[m[K [01;31m[Kerror: [m[K‘[01m[Ktrackbar[m[K’ was not declared in this scope
     trackbar();
[01;32m[K              ^[m[K
[01m[K/home/lucifer/pi_ws/src/cam/src/cam.cpp:13:5:[m[K [01;31m[Kerror: [m[K‘[01m[Kflag[m[K’ was not declared in this scope
     flag = argv[i][1] - '0';
[01;32m[K     ^[m[K
[01m[K/home/lucifer/pi_ws/src/cam/src/cam.cpp:15:5:[m[K [01;31m[Kerror: [m[K‘[01m[Kflag[m[K’ was not declared in this scope
     flag = 7;
[01;32m[K     ^[m[K
[01m[K/home/lucifer/pi_ws/src/cam/src/cam.cpp:24:4:[m[K [01;31m[Kerror: [m[K‘[01m[Kcap[m[K’ was not declared in this scope
    cap.open(argv[i]);
[01;32m[K    ^[m[K
[01m[K/home/lucifer/pi_ws/src/cam/src/cam.cpp:28:16:[m[K [01;31m[Kerror: [m[Krequest for member ‘[01m[Kfind[m[K’ in ‘[01m[K*(argv + ((sizetype)(((long unsigned int)i) * 8ul)))[m[K’, which is of non-class type ‘[01m[Kchar*[m[K’
    if (argv[i].find("home/"))
[01;32m[K                ^[m[K
[01m[K/home/lucifer/pi_ws/src/cam/src/cam.cpp:29:5:[m[K [01;31m[Kerror: [m[K‘[01m[Kcap[m[K’ was not declared in this scope
     cap.open(argv[i]);
[01;32m[K     ^[m[K
make[2]: *** [CMakeFiles/cam_lib.dir/src/cam.cpp.o] Error 1
make[1]: *** [CMakeFiles/cam_lib.dir/all] Error 2
make: *** [all] Error 2
