Determining if the pthread_create exist failed with the following output:
Change Dir: /home/iarc/pi_ws/build/gazebo_ipbot/CMakeFiles/CMakeTmp

Run Build Command:"/usr/bin/make" "cmTC_5a1df/fast"
/usr/bin/make -f CMakeFiles/cmTC_5a1df.dir/build.make CMakeFiles/cmTC_5a1df.dir/build
make[1]: Entering directory '/home/iarc/pi_ws/build/gazebo_ipbot/CMakeFiles/CMakeTmp'
Building C object CMakeFiles/cmTC_5a1df.dir/CheckSymbolExists.c.o
/usr/bin/cc     -o CMakeFiles/cmTC_5a1df.dir/CheckSymbolExists.c.o   -c /home/iarc/pi_ws/build/gazebo_ipbot/CMakeFiles/CMakeTmp/CheckSymbolExists.c
Linking C executable cmTC_5a1df
/usr/bin/cmake -E cmake_link_script CMakeFiles/cmTC_5a1df.dir/link.txt --verbose=1
/usr/bin/cc       CMakeFiles/cmTC_5a1df.dir/CheckSymbolExists.c.o  -o cmTC_5a1df -rdynamic 
CMakeFiles/cmTC_5a1df.dir/CheckSymbolExists.c.o: In function `main':
CheckSymbolExists.c:(.text+0xe): undefined reference to `pthread_create'
CheckSymbolExists.c:(.text+0x12): undefined reference to `pthread_create'
collect2: error: ld returned 1 exit status
CMakeFiles/cmTC_5a1df.dir/build.make:97: recipe for target 'cmTC_5a1df' failed
make[1]: *** [cmTC_5a1df] Error 1
make[1]: Leaving directory '/home/iarc/pi_ws/build/gazebo_ipbot/CMakeFiles/CMakeTmp'
Makefile:126: recipe for target 'cmTC_5a1df/fast' failed
make: *** [cmTC_5a1df/fast] Error 2

File /home/iarc/pi_ws/build/gazebo_ipbot/CMakeFiles/CMakeTmp/CheckSymbolExists.c:
/* */
#include <pthread.h>

int main(int argc, char** argv)
{
  (void)argv;
#ifndef pthread_create
  return ((int*)(&pthread_create))[argc];
#else
  (void)argc;
  return 0;
#endif
}

Determining if the function pthread_create exists in the pthreads failed with the following output:
Change Dir: /home/iarc/pi_ws/build/gazebo_ipbot/CMakeFiles/CMakeTmp

Run Build Command:"/usr/bin/make" "cmTC_da00d/fast"
/usr/bin/make -f CMakeFiles/cmTC_da00d.dir/build.make CMakeFiles/cmTC_da00d.dir/build
make[1]: Entering directory '/home/iarc/pi_ws/build/gazebo_ipbot/CMakeFiles/CMakeTmp'
Building C object CMakeFiles/cmTC_da00d.dir/CheckFunctionExists.c.o
/usr/bin/cc    -DCHECK_FUNCTION_EXISTS=pthread_create   -o CMakeFiles/cmTC_da00d.dir/CheckFunctionExists.c.o   -c /usr/share/cmake-3.5/Modules/CheckFunctionExists.c
Linking C executable cmTC_da00d
/usr/bin/cmake -E cmake_link_script CMakeFiles/cmTC_da00d.dir/link.txt --verbose=1
/usr/bin/cc   -DCHECK_FUNCTION_EXISTS=pthread_create    CMakeFiles/cmTC_da00d.dir/CheckFunctionExists.c.o  -o cmTC_da00d -rdynamic -lpthreads 
/usr/bin/ld: cannot find -lpthreads
collect2: error: ld returned 1 exit status
CMakeFiles/cmTC_da00d.dir/build.make:97: recipe for target 'cmTC_da00d' failed
make[1]: *** [cmTC_da00d] Error 1
make[1]: Leaving directory '/home/iarc/pi_ws/build/gazebo_ipbot/CMakeFiles/CMakeTmp'
Makefile:126: recipe for target 'cmTC_da00d/fast' failed
make: *** [cmTC_da00d/fast] Error 2


