CMakeFiles/pibot_hl.dir/src/lane_hl/main.cpp.o: In function `main':
main.cpp:(.text+0x70): undefined reference to `ros::init(int&, char**, std::__cxx11::basic_string<char, std::char_traits<char>, std::allocator<char> > const&, unsigned int)'
main.cpp:(.text+0xcc): undefined reference to `ros::NodeHandle::NodeHandle(std::__cxx11::basic_string<char, std::char_traits<char>, std::allocator<char> > const&, std::map<std::__cxx11::basic_string<char, std::char_traits<char>, std::allocator<char> >, std::__cxx11::basic_string<char, std::char_traits<char>, std::allocator<char> >, std::less<std::__cxx11::basic_string<char, std::char_traits<char>, std::allocator<char> > >, std::allocator<std::pair<std::__cxx11::basic_string<char, std::char_traits<char>, std::allocator<char> > const, std::__cxx11::basic_string<char, std::char_traits<char>, std::allocator<char> > > > > const&)'
main.cpp:(.text+0x112): undefined reference to `ros::Rate::Rate(double)'
main.cpp:(.text+0x121): undefined reference to `lane::lane()'
main.cpp:(.text+0x13a): undefined reference to `ros::NodeHandle::NodeHandle(ros::NodeHandle const&)'
main.cpp:(.text+0x153): undefined reference to `pid::pid(ros::NodeHandle)'
main.cpp:(.text+0x162): undefined reference to `ros::NodeHandle::~NodeHandle()'
main.cpp:(.text+0x167): undefined reference to `ros::ok()'
main.cpp:(.text+0x17a): undefined reference to `cam::process()'
main.cpp:(.text+0x18d): undefined reference to `pid::calc(int)'
main.cpp:(.text+0x192): undefined reference to `ros::spinOnce()'
main.cpp:(.text+0x1a1): undefined reference to `ros::Rate::sleep()'
main.cpp:(.text+0x1e4): undefined reference to `ros::NodeHandle::~NodeHandle()'
main.cpp:(.text+0x255): undefined reference to `ros::NodeHandle::~NodeHandle()'
main.cpp:(.text+0x286): undefined reference to `ros::NodeHandle::~NodeHandle()'
main.cpp:(.text+0x2a3): undefined reference to `ros::NodeHandle::~NodeHandle()'
main.cpp:(.text+0x307): undefined reference to `ros::NodeHandle::~NodeHandle()'
CMakeFiles/pibot_hl.dir/src/lane_hl/main.cpp.o: In function `cv::String::~String()':
main.cpp:(.text._ZN2cv6StringD2Ev[_ZN2cv6StringD5Ev]+0x14): undefined reference to `cv::String::deallocate()'
CMakeFiles/pibot_hl.dir/src/lane_hl/main.cpp.o: In function `cv::String::operator=(cv::String const&)':
main.cpp:(.text._ZN2cv6StringaSERKS0_[_ZN2cv6StringaSERKS0_]+0x28): undefined reference to `cv::String::deallocate()'
CMakeFiles/pibot_hl.dir/src/lane_hl/main.cpp.o: In function `cv::Mat::~Mat()':
main.cpp:(.text._ZN2cv3MatD2Ev[_ZN2cv3MatD5Ev]+0x39): undefined reference to `cv::fastFree(void*)'
CMakeFiles/pibot_hl.dir/src/lane_hl/main.cpp.o: In function `cv::Mat::release()':
main.cpp:(.text._ZN2cv3Mat7releaseEv[_ZN2cv3Mat7releaseEv]+0x4b): undefined reference to `cv::Mat::deallocate()'
CMakeFiles/pibot_hl.dir/src/lane_hl/main.cpp.o: In function `cam::~cam()':
main.cpp:(.text._ZN3camD2Ev[_ZN3camD5Ev]+0x1b): undefined reference to `cv::VideoCapture::~VideoCapture()'
CMakeFiles/pibot_hl.dir/src/lane_hl/main.cpp.o: In function `pid::~pid()':
main.cpp:(.text._ZN3pidD2Ev[_ZN3pidD5Ev]+0x1b): undefined reference to `ros::Publisher::~Publisher()'
main.cpp:(.text._ZN3pidD2Ev[_ZN3pidD5Ev]+0x27): undefined reference to `ros::NodeHandle::~NodeHandle()'
main.cpp:(.text._ZN3pidD2Ev[_ZN3pidD5Ev]+0x38): undefined reference to `ros::NodeHandle::~NodeHandle()'
collect2: error: ld returned 1 exit status
make[2]: *** [/home/lucifer/pi_ws/devel/.private/pibot/lib/pibot/pibot_hl] Error 1
make[1]: *** [CMakeFiles/pibot_hl.dir/all] Error 2
make[1]: *** Waiting for unfinished jobs....
[01m[K/home/lucifer/pi_ws/src/pibot/src/lane_hl/lane_hl.cpp:[m[K In constructor ‘[01m[Klane::lane()[m[K’:
[01m[K/home/lucifer/pi_ws/src/pibot/src/lane_hl/lane_hl.cpp:3:12:[m[K [01;31m[Kerror: [m[Kno matching function for call to ‘[01m[Kcam::cam()[m[K’
 lane::lane()
[01;32m[K            ^[m[K
In file included from [01m[K/home/lucifer/pi_ws/src/pibot/include/lane_hl/lane_hl.h:4:0[m[K,
                 from [01m[K/home/lucifer/pi_ws/src/pibot/src/lane_hl/lane_hl.cpp:1[m[K:
[01m[K/home/lucifer/pi_ws/src/pibot/include/cam/cam.h:12:2:[m[K [01;36m[Knote: [m[Kcandidate: cam::cam(int)
  cam(int);
[01;32m[K  ^[m[K
[01m[K/home/lucifer/pi_ws/src/pibot/include/cam/cam.h:12:2:[m[K [01;36m[Knote: [m[K  candidate expects 1 argument, 0 provided
[01m[K/home/lucifer/pi_ws/src/pibot/include/cam/cam.h:9:7:[m[K [01;36m[Knote: [m[Kcandidate: cam::cam(const cam&)
 class cam
[01;32m[K       ^[m[K
[01m[K/home/lucifer/pi_ws/src/pibot/include/cam/cam.h:9:7:[m[K [01;36m[Knote: [m[K  candidate expects 1 argument, 0 provided
make[2]: *** [CMakeFiles/pibot_hl_lib.dir/src/lane_hl/lane_hl.cpp.o] Error 1
make[1]: *** [CMakeFiles/pibot_hl_lib.dir/all] Error 2
make: *** [all] Error 2
