CMakeFiles/pibot_hl.dir/src/lane_hl/main.cpp.o: In function `main':
main.cpp:(.text+0x70): undefined reference to `ros::init(int&, char**, std::__cxx11::basic_string<char, std::char_traits<char>, std::allocator<char> > const&, unsigned int)'
main.cpp:(.text+0xcc): undefined reference to `ros::NodeHandle::NodeHandle(std::__cxx11::basic_string<char, std::char_traits<char>, std::allocator<char> > const&, std::map<std::__cxx11::basic_string<char, std::char_traits<char>, std::allocator<char> >, std::__cxx11::basic_string<char, std::char_traits<char>, std::allocator<char> >, std::less<std::__cxx11::basic_string<char, std::char_traits<char>, std::allocator<char> > >, std::allocator<std::pair<std::__cxx11::basic_string<char, std::char_traits<char>, std::allocator<char> > const, std::__cxx11::basic_string<char, std::char_traits<char>, std::allocator<char> > > > > const&)'
main.cpp:(.text+0x112): undefined reference to `ros::Rate::Rate(double)'
main.cpp:(.text+0x126): undefined reference to `lane::lane(int)'
main.cpp:(.text+0x13f): undefined reference to `ros::NodeHandle::NodeHandle(ros::NodeHandle const&)'
main.cpp:(.text+0x158): undefined reference to `pid::pid(ros::NodeHandle)'
main.cpp:(.text+0x167): undefined reference to `ros::NodeHandle::~NodeHandle()'
main.cpp:(.text+0x16c): undefined reference to `ros::ok()'
main.cpp:(.text+0x184): undefined reference to `cam::process(int)'
main.cpp:(.text+0x197): undefined reference to `pid::calc(int)'
main.cpp:(.text+0x19c): undefined reference to `ros::spinOnce()'
main.cpp:(.text+0x1ab): undefined reference to `ros::Rate::sleep()'
main.cpp:(.text+0x1ee): undefined reference to `ros::NodeHandle::~NodeHandle()'
main.cpp:(.text+0x25f): undefined reference to `ros::NodeHandle::~NodeHandle()'
main.cpp:(.text+0x290): undefined reference to `ros::NodeHandle::~NodeHandle()'
main.cpp:(.text+0x2ad): undefined reference to `ros::NodeHandle::~NodeHandle()'
main.cpp:(.text+0x311): undefined reference to `ros::NodeHandle::~NodeHandle()'
CMakeFiles/pibot_hl.dir/src/lane_hl/main.cpp.o: In function `cv::String::~String()':
main.cpp:(.text._ZN2cv6StringD2Ev[_ZN2cv6StringD5Ev]+0x14): undefined reference to `cv::String::deallocate()'
CMakeFiles/pibot_hl.dir/src/lane_hl/main.cpp.o: In function `cv::String::operator=(cv::String const&)':
main.cpp:(.text._ZN2cv6StringaSERKS0_[_ZN2cv6StringaSERKS0_]+0x28): undefined reference to `cv::String::deallocate()'
CMakeFiles/pibot_hl.dir/src/lane_hl/main.cpp.o: In function `cv::Mat::~Mat()':
main.cpp:(.text._ZN2cv3MatD2Ev[_ZN2cv3MatD5Ev]+0x39): undefined reference to `cv::fastFree(void*)'
CMakeFiles/pibot_hl.dir/src/lane_hl/main.cpp.o: In function `cv::Mat::release()':
main.cpp:(.text._ZN2cv3Mat7releaseEv[_ZN2cv3Mat7releaseEv]+0x4b): undefined reference to `cv::Mat::deallocate()'
CMakeFiles/pibot_hl.dir/src/lane_hl/main.cpp.o: In function `cam::~cam()':
main.cpp:(.text._ZN3camD2Ev[_ZN3camD5Ev]+0x1b): undefined reference to `cv::VideoCapture::~VideoCapture()'
CMakeFiles/pibot_hl.dir/src/lane_hl/main.cpp.o: In function `pid::~pid()':
main.cpp:(.text._ZN3pidD2Ev[_ZN3pidD5Ev]+0x1b): undefined reference to `ros::Publisher::~Publisher()'
main.cpp:(.text._ZN3pidD2Ev[_ZN3pidD5Ev]+0x27): undefined reference to `ros::NodeHandle::~NodeHandle()'
main.cpp:(.text._ZN3pidD2Ev[_ZN3pidD5Ev]+0x38): undefined reference to `ros::NodeHandle::~NodeHandle()'
collect2: error: ld returned 1 exit status
make[2]: *** [/home/lucifer/pi_ws/devel/.private/pibot/lib/pibot/pibot_hl] Error 1
make[1]: *** [CMakeFiles/pibot_hl.dir/all] Error 2
make[1]: *** Waiting for unfinished jobs....
make: *** [all] Error 2
