[01m[K/home/lucifer/pi_ws/src/pibot/src/lane_hl/lane_hl.cpp:[m[K In constructor ‘[01m[Klane::lane(int)[m[K’:
[01m[K/home/lucifer/pi_ws/src/pibot/src/lane_hl/lane_hl.cpp:4:1:[m[K [01;35m[Kwarning: [m[Kextended initializer lists only available with -std=c++11 or -std=gnu++11
 {
[01;32m[K ^[m[K
[01m[K/home/lucifer/pi_ws/src/pibot/src/lane_hl/lane_hl.cpp:5:7:[m[K [01;31m[Kerror: [m[Kexpected ‘[01m[K}[m[K’ before ‘[01m[K;[m[K’ token
  h = 0; s = 0; v = 0;
[01;32m[K       ^[m[K
[01m[K/home/lucifer/pi_ws/src/pibot/src/lane_hl/lane_hl.cpp:5:7:[m[K [01;31m[Kerror: [m[Kexpected ‘[01m[K{[m[K’ before ‘[01m[K;[m[K’ token
[01m[K/home/lucifer/pi_ws/src/pibot/src/lane_hl/lane_hl.cpp:[m[K At global scope:
[01m[K/home/lucifer/pi_ws/src/pibot/src/lane_hl/lane_hl.cpp:5:9:[m[K [01;31m[Kerror: [m[K‘[01m[Ks[m[K’ does not name a type
  h = 0; s = 0; v = 0;
[01;32m[K         ^[m[K
[01m[K/home/lucifer/pi_ws/src/pibot/src/lane_hl/lane_hl.cpp:5:16:[m[K [01;31m[Kerror: [m[K‘[01m[Kv[m[K’ does not name a type
  h = 0; s = 0; v = 0;
[01;32m[K                ^[m[K
[01m[K/home/lucifer/pi_ws/src/pibot/src/lane_hl/lane_hl.cpp:6:2:[m[K [01;31m[Kerror: [m[K‘[01m[KH[m[K’ does not name a type
  H = 255; S = 255; v = 255;
[01;32m[K  ^[m[K
[01m[K/home/lucifer/pi_ws/src/pibot/src/lane_hl/lane_hl.cpp:6:11:[m[K [01;31m[Kerror: [m[K‘[01m[KS[m[K’ does not name a type
  H = 255; S = 255; v = 255;
[01;32m[K           ^[m[K
[01m[K/home/lucifer/pi_ws/src/pibot/src/lane_hl/lane_hl.cpp:6:20:[m[K [01;31m[Kerror: [m[K‘[01m[Kv[m[K’ does not name a type
  H = 255; S = 255; v = 255;
[01;32m[K                    ^[m[K
[01m[K/home/lucifer/pi_ws/src/pibot/src/lane_hl/lane_hl.cpp:7:2:[m[K [01;31m[Kerror: [m[K‘[01m[Kblur_size[m[K’ does not name a type
  blur_size = 1;
[01;32m[K  ^[m[K
[01m[K/home/lucifer/pi_ws/src/pibot/src/lane_hl/lane_hl.cpp:8:2:[m[K [01;31m[Kerror: [m[K‘[01m[Kcanny_ratio[m[K’ does not name a type
  canny_ratio = 3;
[01;32m[K  ^[m[K
[01m[K/home/lucifer/pi_ws/src/pibot/src/lane_hl/lane_hl.cpp:9:2:[m[K [01;31m[Kerror: [m[K‘[01m[Kcanny_low[m[K’ does not name a type
  canny_low = 50;
[01;32m[K  ^[m[K
[01m[K/home/lucifer/pi_ws/src/pibot/src/lane_hl/lane_hl.cpp:10:2:[m[K [01;31m[Kerror: [m[K‘[01m[Kkernel_size[m[K’ does not name a type
  kernel_size = 1; 
[01;32m[K  ^[m[K
[01m[K/home/lucifer/pi_ws/src/pibot/src/lane_hl/lane_hl.cpp:12:2:[m[K [01;31m[Kerror: [m[Kexpected unqualified-id before ‘[01m[Kif[m[K’
  if (th_flag)
[01;32m[K  ^[m[K
[01m[K/home/lucifer/pi_ws/src/pibot/src/lane_hl/lane_hl.cpp:14:1:[m[K [01;31m[Kerror: [m[Kexpected declaration before ‘[01m[K}[m[K’ token
 }
[01;32m[K ^[m[K
make[2]: *** [CMakeFiles/pibot_hl_lib.dir/src/lane_hl/lane_hl.cpp.o] Error 1
make[1]: *** [CMakeFiles/pibot_hl_lib.dir/all] Error 2
make[1]: *** Waiting for unfinished jobs....
make: *** [all] Error 2
